<?xml version="1.0" encoding="UTF-8"?>
<!-- Generated by org.testng.reporters.JUnitReportReporter -->
<testsuite skipped="0" hostname="MASARADA" name="testone.TestOne" tests="1" failures="0" timestamp="15 Jul 2018 17:26:20 GMT" time="10.735" errors="0">
  <testcase name="testOne" time="10.735" classname="testone.TestOne"/>
</testsuite> <!-- testone.TestOne -->
