<?xml version="1.0" encoding="UTF-8"?>
<testsuite name="testone.TestOne" tests="1" skipped="0" failures="0" errors="0" timestamp="2018-07-15T20:15:31" hostname="MASARADA" time="0.175">
  <properties/>
  <testcase name="testOne" classname="testone.TestOne" time="0.175"/>
  <system-out><![CDATA[]]></system-out>
  <system-err><![CDATA[Starting ChromeDriver 2.35.528161 (5b82f2d2aae0ca24b877009200ced9065a772e73) on port 14762
Only local connections are allowed.
Jul 15, 2018 1:15:26 PM org.openqa.selenium.remote.ProtocolHandshake createSession
INFO: Detected dialect: OSS
]]></system-err>
</testsuite>
